Brush Resource - Key:'White',		Value:[3]
Brush Resource - Key:'Gray',		Value:[4]
Brush Resource - Key:'Red',		Value:[5]
Brush Resource - Key:'Orange',		Value:[6]
Brush Resource - Key:'Yellow',		Value:[7]
Brush Resource - Key:'Green',		Value:[8]
Brush Resource - Key:'Blue',		Value:[9]
Brush Resource - Key:'Blue50%',		Value:[10]
Brush Resource - Key:'Blue70%',		Value:[11]
Brush Resource - Key:'Purple',		Value:[12]
Brush Resource - Key:'Pink',		Value:[13]
Brush Resource - Key:'Brown',		Value:[14]
Brush Resource - Key:'Black50%',		Value:[15]
Brush Resource - Key:'Dark50%',		Value:[16]
Brush Resource - Key:'127,128,0,255',		Value:[17]
Brush Resource - Key:'100,128,0,0',		Value:[18]
Font Resource - Key:'Consolas;12;0',	Value:[2]
Font Resource - Key:'Arial;14;0',	Value:[3]
Font Resource - Key:'MessageTitle',	Value:[4]
Font Resource - Key:'MessageText',	Value:[5]
Font Resource - Key:'Arial;14',	Value:[6]
Texture Resource - Key:'Logo EDHM',	Value:[0]
Texture Resource - Key:'Tirlana',	Value:[1]
[19/8/2023 01:39:06 p. m.]: %USERPROFILE% found at 'C:\Users\Jhollman\Saved Games\Frontier Developments\Elite Dangerous'.
[19/8/2023 01:39:06 p. m.]: Journal file: C:\Users\Jhollman\Saved Games\Frontier Developments\Elite Dangerous\Journal.2023-08-18T211045.01.log
[19/8/2023 01:39:06 p. m.]: Welcome Commander 'Blue mystic'
[19/8/2023 01:39:06 p. m.]: Ship Loadout: cobramkiii ( BL-06C)
[19/8/2023 01:39:06 p. m.]: FSDJump Event: 14 Eridani (1,896ly)
[19/8/2023 01:39:06 p. m.]: FSDJump ready to show
